# JRE version: Java(TM) SE Runtime Environment (8.0_91-b15) (build 1.8.0_91-b15)
# Java VM: Java HotSpot(TM) 64-Bit Server VM (25.91-b15 mixed mode windows-amd64 compressed oops)
Heap:
 PSYoungGen      total 115200K, used 85838K [0x00000000d8400000, 0x00000000dfe80000, 0x0000000100000000)
  eden space 104960K, 72% used [0x00000000d8400000,0x00000000dcdd7b80,0x00000000dea80000)
  from space 10240K, 99% used [0x00000000dea80000,0x00000000df47c060,0x00000000df480000)
  to   space 9728K, 0% used [0x00000000df500000,0x00000000df500000,0x00000000dfe80000)
 ParOldGen       total 54784K, used 16079K [0x0000000088c00000, 0x000000008c180000, 0x00000000d8400000)
  object space 54784K, 29% used [0x0000000088c00000,0x0000000089bb3db0,0x000000008c180000)
 Metaspace       used 30996K, capacity 31518K, committed 31920K, reserved 1077248K
  class space    used 4002K, capacity 4156K, committed 4272K, reserved 1048576K
GC Heap History (10 events):
Event: 2.013 GC heap before
{Heap before GC invocations=6 (full 0):
 PSYoungGen      total 66560K, used 22414K [0x00000000d8400000, 0x00000000dca00000, 0x0000000100000000)
  eden space 61440K, 28% used [0x00000000d8400000,0x00000000d94e5970,0x00000000dc000000)
  from space 5120K, 99% used [0x00000000dc000000,0x00000000dc4fe030,0x00000000dc500000)
  to   space 5120K, 0% used [0x00000000dc500000,0x00000000dc500000,0x00000000dca00000)
 ParOldGen       total 81920K, used 11220K [0x0000000088c00000, 0x000000008dc00000, 0x00000000d8400000)
  object space 81920K, 13% used [0x0000000088c00000,0x00000000896f51f8,0x000000008dc00000)
 Metaspace       used 20872K, capacity 21194K, committed 21296K, reserved 1067008K
  class space    used 2734K, capacity 2836K, committed 2864K, reserved 1048576K
Event: 2.018 GC heap after
Heap after GC invocations=6 (full 0):
 PSYoungGen      total 66560K, used 5118K [0x00000000d8400000, 0x00000000dca00000, 0x0000000100000000)
  eden space 61440K, 0% used [0x00000000d8400000,0x00000000d8400000,0x00000000dc000000)
  from space 5120K, 99% used [0x00000000dc500000,0x00000000dc9ff828,0x00000000dca00000)
  to   space 5120K, 0% used [0x00000000dc000000,0x00000000dc000000,0x00000000dc500000)
 ParOldGen       total 81920K, used 13003K [0x0000000088c00000, 0x000000008dc00000, 0x00000000d8400000)
  object space 81920K, 15% used [0x0000000088c00000,0x00000000898b2e20,0x000000008dc00000)
 Metaspace       used 20872K, capacity 21194K, committed 21296K, reserved 1067008K
  class space    used 2734K, capacity 2836K, committed 2864K, reserved 1048576K
}
Event: 2.018 GC heap before
{Heap before GC invocations=7 (full 1):
 PSYoungGen      total 66560K, used 5118K [0x00000000d8400000, 0x00000000dca00000, 0x0000000100000000)
  eden space 61440K, 0% used [0x00000000d8400000,0x00000000d8400000,0x00000000dc000000)
  from space 5120K, 99% used [0x00000000dc500000,0x00000000dc9ff828,0x00000000dca00000)
  to   space 5120K, 0% used [0x00000000dc000000,0x00000000dc000000,0x00000000dc500000)
 ParOldGen       total 81920K, used 13003K [0x0000000088c00000, 0x000000008dc00000, 0x00000000d8400000)
  object space 81920K, 15% used [0x0000000088c00000,0x00000000898b2e20,0x000000008dc00000)
 Metaspace       used 20872K, capacity 21194K, committed 21296K, reserved 1067008K
  class space    used 2734K, capacity 2836K, committed 2864K, reserved 1048576K
Event: 2.046 GC heap after
Heap after GC invocations=7 (full 1):
 PSYoungGen      total 66560K, used 0K [0x00000000d8400000, 0x00000000dca00000, 0x0000000100000000)
  eden space 61440K, 0% used [0x00000000d8400000,0x00000000d8400000,0x00000000dc000000)
  from space 5120K, 0% used [0x00000000dc500000,0x00000000dc500000,0x00000000dca00000)
  to   space 5120K, 0% used [0x00000000dc000000,0x00000000dc000000,0x00000000dc500000)
 ParOldGen       total 54784K, used 11910K [0x0000000088c00000, 0x000000008c180000, 0x00000000d8400000)
  object space 54784K, 21% used [0x0000000088c00000,0x00000000897a1818,0x000000008c180000)
 Metaspace       used 20872K, capacity 21194K, committed 21296K, reserved 1067008K
  class space    used 2734K, capacity 2836K, committed 2864K, reserved 1048576K
}
Event: 2.415 GC heap before
{Heap before GC invocations=8 (full 1):
 PSYoungGen      total 66560K, used 61440K [0x00000000d8400000, 0x00000000dca00000, 0x0000000100000000)
  eden space 61440K, 100% used [0x00000000d8400000,0x00000000dc000000,0x00000000dc000000)
  from space 5120K, 0% used [0x00000000dc500000,0x00000000dc500000,0x00000000dca00000)
  to   space 5120K, 0% used [0x00000000dc000000,0x00000000dc000000,0x00000000dc500000)
 ParOldGen       total 54784K, used 11910K [0x0000000088c00000, 0x000000008c180000, 0x00000000d8400000)
  object space 54784K, 21% used [0x0000000088c00000,0x00000000897a1818,0x000000008c180000)
 Metaspace       used 24113K, capacity 24574K, committed 24880K, reserved 1071104K
  class space    used 3201K, capacity 3338K, committed 3376K, reserved 1048576K
Event: 2.420 GC heap after
Heap after GC invocations=8 (full 1):
 PSYoungGen      total 66560K, used 5115K [0x00000000d8400000, 0x00000000dfe80000, 0x0000000100000000)
  eden space 61440K, 0% used [0x00000000d8400000,0x00000000d8400000,0x00000000dc000000)
  from space 5120K, 99% used [0x00000000dc000000,0x00000000dc4fed50,0x00000000dc500000)
  to   space 9728K, 0% used [0x00000000df500000,0x00000000df500000,0x00000000dfe80000)
 ParOldGen       total 54784K, used 11918K [0x0000000088c00000, 0x000000008c180000, 0x00000000d8400000)
  object space 54784K, 21% used [0x0000000088c00000,0x00000000897a3818,0x000000008c180000)
 Metaspace       used 24113K, capacity 24574K, committed 24880K, reserved 1071104K
  class space    used 3201K, capacity 3338K, committed 3376K, reserved 1048576K
}
Event: 2.808 GC heap before
{Heap before GC invocations=9 (full 1):
 PSYoungGen      total 66560K, used 66555K [0x00000000d8400000, 0x00000000dfe80000, 0x0000000100000000)
  eden space 61440K, 100% used [0x00000000d8400000,0x00000000dc000000,0x00000000dc000000)
  from space 5120K, 99% used [0x00000000dc000000,0x00000000dc4fed50,0x00000000dc500000)
  to   space 9728K, 0% used [0x00000000df500000,0x00000000df500000,0x00000000dfe80000)
 ParOldGen       total 54784K, used 11918K [0x0000000088c00000, 0x000000008c180000, 0x00000000d8400000)
  object space 54784K, 21% used [0x0000000088c00000,0x00000000897a3818,0x000000008c180000)
 Metaspace       used 26784K, capacity 27208K, committed 27568K, reserved 1073152K
  class space    used 3500K, capacity 3633K, committed 3760K, reserved 1048576K
Event: 2.817 GC heap after
Heap after GC invocations=9 (full 1):
 PSYoungGen      total 114688K, used 8211K [0x00000000d8400000, 0x00000000dfe80000, 0x0000000100000000)
  eden space 104960K, 0% used [0x00000000d8400000,0x00000000d8400000,0x00000000dea80000)
  from space 9728K, 84% used [0x00000000df500000,0x00000000dfd04e70,0x00000000dfe80000)
  to   space 10240K, 0% used [0x00000000dea80000,0x00000000dea80000,0x00000000df480000)
 ParOldGen       total 54784K, used 11926K [0x0000000088c00000, 0x000000008c180000, 0x00000000d8400000)
  object space 54784K, 21% used [0x0000000088c00000,0x00000000897a5818,0x000000008c180000)
 Metaspace       used 26784K, capacity 27208K, committed 27568K, reserved 1073152K
  class space    used 3500K, capacity 3633K, committed 3760K, reserved 1048576K
}
Event: 3.249 GC heap before
{Heap before GC invocations=10 (full 1):
 PSYoungGen      total 114688K, used 113171K [0x00000000d8400000, 0x00000000dfe80000, 0x0000000100000000)
  eden space 104960K, 100% used [0x00000000d8400000,0x00000000dea80000,0x00000000dea80000)
  from space 9728K, 84% used [0x00000000df500000,0x00000000dfd04e70,0x00000000dfe80000)
  to   space 10240K, 0% used [0x00000000dea80000,0x00000000dea80000,0x00000000df480000)
 ParOldGen       total 54784K, used 11926K [0x0000000088c00000, 0x000000008c180000, 0x00000000d8400000)
  object space 54784K, 21% used [0x0000000088c00000,0x00000000897a5818,0x000000008c180000)
 Metaspace       used 29360K, capacity 29896K, committed 30128K, reserved 1075200K
  class space    used 3771K, capacity 3895K, committed 4016K, reserved 1048576K
Event: 3.268 GC heap after
Heap after GC invocations=10 (full 1):
 PSYoungGen      total 115200K, used 10224K [0x00000000d8400000, 0x00000000dfe80000, 0x0000000100000000)
  eden space 104960K, 0% used [0x00000000d8400000,0x00000000d8400000,0x00000000dea80000)
  from space 10240K, 99% used [0x00000000dea80000,0x00000000df47c060,0x00000000df480000)
  to   space 9728K, 0% used [0x00000000df500000,0x00000000df500000,0x00000000dfe80000)
 ParOldGen       total 54784K, used 16079K [0x0000000088c00000, 0x000000008c180000, 0x00000000d8400000)
  object space 54784K, 29% used [0x0000000088c00000,0x0000000089bb3db0,0x000000008c180000)
 Metaspace       used 29360K, capacity 29896K, committed 30128K, reserved 1075200K
  class space    used 3771K, capacity 3895K, committed 4016K, reserved 1048576K
}

